Running: fuse.exe -relaunch -intstyle "ise" -incremental -lib "unisims_ver" -lib "unimacro_ver" -lib "xilinxcorelib_ver" -lib "secureip" -o "C:/Users/152/Desktop/CS152A-Lab4-TicTacToe/GameState_TB_isim_beh.exe" -prj "C:/Users/152/Desktop/CS152A-Lab4-TicTacToe/GameState_TB_beh.prj" "work.GameState_TB" "work.glbl" 
ISim P.68d (signature 0x7708f090)
Number of CPUs detected in this system: 2
Turning on mult-threading, number of parallel sub-compilation jobs: 4 
Determining compilation order of HDL files
Analyzing Verilog file "C:/Users/152/Desktop/CS152A-Lab4-TicTacToe/AI.v" into library work
Analyzing Verilog file "C:/Users/152/Desktop/CS152A-Lab4-TicTacToe/Lookup.v" into library work
Analyzing Verilog file "C:/Users/152/Desktop/CS152A-Lab4-TicTacToe/Game/GameState.v" into library work
Analyzing Verilog file "C:/Users/152/Desktop/CS152A-Lab4-TicTacToe/Game/GameState_tb.v" into library work
Analyzing Verilog file "C:/Xilinx/14.6/ISE_DS/ISE//verilog/src/glbl.v" into library work
Starting static elaboration
Completed static elaboration
Compiling module TwoInRow
Compiling module TwoInGrid
Compiling module RARb(n=9)
Compiling module Empty
Compiling module RARb(n=27)
Compiling module Select3
Compiling module SimpleAI
Compiling module LookupTable
Compiling module RARb(n=45)
Compiling module Select5
Compiling module LookupTableAI
Compiling module GameState
Compiling module GameState_TB
Compiling module glbl
Time Resolution for simulation is 1ps.
Waiting for 5 sub-compilation(s) to finish...
Compiled 14 Verilog Units
Built simulation executable C:/Users/152/Desktop/CS152A-Lab4-TicTacToe/GameState_TB_isim_beh.exe
Fuse Memory Usage: 28288 KB
Fuse CPU Usage: 576 ms
